<?xml version="1.0" encoding="UTF-8"?>
<!-- Generated by org.testng.reporters.JUnitReportReporter -->
<testsuite skipped="0" hostname="LAPTOP-JEI8AS0O" name="testcases.TestCaseOne" tests="3" failures="0" timestamp="30 Dec 2018 18:42:22 GMT" time="0.009" errors="0">
  <testcase name="TestOne" time="0.006" classname="testcases.TestCaseOne"/>
  <testcase name="TestThree" time="0.002" classname="testcases.TestCaseOne"/>
  <testcase name="TestTwo" time="0.001" classname="testcases.TestCaseOne"/>
</testsuite> <!-- testcases.TestCaseOne -->
